Determining if the Fortran sgemm exists failed with the following output:
Change Dir: /home/mhgk4/SCONE/Build/CMakeFiles/CMakeTmp

Run Build Command(s):/usr/bin/make cmTC_3023e/fast && /usr/bin/make -f CMakeFiles/cmTC_3023e.dir/build.make CMakeFiles/cmTC_3023e.dir/build
make[1]: Entering directory '/home/mhgk4/SCONE/Build/CMakeFiles/CMakeTmp'
Building Fortran object CMakeFiles/cmTC_3023e.dir/testFortranCompiler.f.o
/usr/bin/gfortran   -std=f2008 -O3 -g -pedantic -Wall -Wno-unused-dummy-argument -cpp -march=native -fopenmp    -c /home/mhgk4/SCONE/Build/CMakeFiles/CMakeTmp/testFortranCompiler.f -o CMakeFiles/cmTC_3023e.dir/testFortranCompiler.f.o
Linking Fortran executable cmTC_3023e
/usr/bin/cmake -E cmake_link_script CMakeFiles/cmTC_3023e.dir/link.txt --verbose=1
/usr/bin/gfortran    -std=f2008 -O3 -g -pedantic -Wall -Wno-unused-dummy-argument -cpp -march=native -fopenmp  CMakeFiles/cmTC_3023e.dir/testFortranCompiler.f.o  -o cmTC_3023e 
/usr/bin/ld: CMakeFiles/cmTC_3023e.dir/testFortranCompiler.f.o: in function `main':
/home/mhgk4/SCONE/Build/CMakeFiles/CMakeTmp/testFortranCompiler.f:4: undefined reference to `sgemm_'
collect2: error: ld returned 1 exit status
make[1]: *** [CMakeFiles/cmTC_3023e.dir/build.make:87: cmTC_3023e] Error 1
make[1]: Leaving directory '/home/mhgk4/SCONE/Build/CMakeFiles/CMakeTmp'
make: *** [Makefile:121: cmTC_3023e/fast] Error 2



Performing C SOURCE FILE Test CMAKE_HAVE_LIBC_PTHREAD failed with the following output:
Change Dir: /home/mhgk4/SCONE/Build/CMakeFiles/CMakeTmp

Run Build Command(s):/usr/bin/make cmTC_209cb/fast && /usr/bin/make -f CMakeFiles/cmTC_209cb.dir/build.make CMakeFiles/cmTC_209cb.dir/build
make[1]: Entering directory '/home/mhgk4/SCONE/Build/CMakeFiles/CMakeTmp'
Building C object CMakeFiles/cmTC_209cb.dir/src.c.o
/usr/bin/cc   -DCMAKE_HAVE_LIBC_PTHREAD   -o CMakeFiles/cmTC_209cb.dir/src.c.o   -c /home/mhgk4/SCONE/Build/CMakeFiles/CMakeTmp/src.c
Linking C executable cmTC_209cb
/usr/bin/cmake -E cmake_link_script CMakeFiles/cmTC_209cb.dir/link.txt --verbose=1
/usr/bin/cc  -DCMAKE_HAVE_LIBC_PTHREAD    CMakeFiles/cmTC_209cb.dir/src.c.o  -o cmTC_209cb 
/usr/bin/ld: CMakeFiles/cmTC_209cb.dir/src.c.o: in function `main':
src.c:(.text+0x46): undefined reference to `pthread_create'
/usr/bin/ld: src.c:(.text+0x52): undefined reference to `pthread_detach'
/usr/bin/ld: src.c:(.text+0x63): undefined reference to `pthread_join'
collect2: error: ld returned 1 exit status
make[1]: *** [CMakeFiles/cmTC_209cb.dir/build.make:87: cmTC_209cb] Error 1
make[1]: Leaving directory '/home/mhgk4/SCONE/Build/CMakeFiles/CMakeTmp'
make: *** [Makefile:121: cmTC_209cb/fast] Error 2


Source file was:
#include <pthread.h>

void* test_func(void* data)
{
  return data;
}

int main(void)
{
  pthread_t thread;
  pthread_create(&thread, NULL, test_func, NULL);
  pthread_detach(thread);
  pthread_join(thread, NULL);
  pthread_atfork(NULL, NULL, NULL);
  pthread_exit(NULL);

  return 0;
}

Determining if the function pthread_create exists in the pthreads failed with the following output:
Change Dir: /home/mhgk4/SCONE/Build/CMakeFiles/CMakeTmp

Run Build Command(s):/usr/bin/make cmTC_04fc9/fast && /usr/bin/make -f CMakeFiles/cmTC_04fc9.dir/build.make CMakeFiles/cmTC_04fc9.dir/build
make[1]: Entering directory '/home/mhgk4/SCONE/Build/CMakeFiles/CMakeTmp'
Building C object CMakeFiles/cmTC_04fc9.dir/CheckFunctionExists.c.o
/usr/bin/cc   -DCHECK_FUNCTION_EXISTS=pthread_create   -o CMakeFiles/cmTC_04fc9.dir/CheckFunctionExists.c.o   -c /usr/share/cmake-3.16/Modules/CheckFunctionExists.c
Linking C executable cmTC_04fc9
/usr/bin/cmake -E cmake_link_script CMakeFiles/cmTC_04fc9.dir/link.txt --verbose=1
/usr/bin/cc  -DCHECK_FUNCTION_EXISTS=pthread_create    CMakeFiles/cmTC_04fc9.dir/CheckFunctionExists.c.o  -o cmTC_04fc9  -lpthreads 
/usr/bin/ld: cannot find -lpthreads
collect2: error: ld returned 1 exit status
make[1]: *** [CMakeFiles/cmTC_04fc9.dir/build.make:87: cmTC_04fc9] Error 1
make[1]: Leaving directory '/home/mhgk4/SCONE/Build/CMakeFiles/CMakeTmp'
make: *** [Makefile:121: cmTC_04fc9/fast] Error 2



Determining if the Fortran cheev exists failed with the following output:
Change Dir: /home/mhgk4/SCONE/Build/CMakeFiles/CMakeTmp

Run Build Command(s):/usr/bin/make cmTC_82aa8/fast && /usr/bin/make -f CMakeFiles/cmTC_82aa8.dir/build.make CMakeFiles/cmTC_82aa8.dir/build
make[1]: Entering directory '/home/mhgk4/SCONE/Build/CMakeFiles/CMakeTmp'
Building Fortran object CMakeFiles/cmTC_82aa8.dir/testFortranCompiler.f.o
/usr/bin/gfortran   -std=f2008 -O3 -g -pedantic -Wall -Wno-unused-dummy-argument -cpp -march=native -fopenmp    -c /home/mhgk4/SCONE/Build/CMakeFiles/CMakeTmp/testFortranCompiler.f -o CMakeFiles/cmTC_82aa8.dir/testFortranCompiler.f.o
Linking Fortran executable cmTC_82aa8
/usr/bin/cmake -E cmake_link_script CMakeFiles/cmTC_82aa8.dir/link.txt --verbose=1
/usr/bin/gfortran    -std=f2008 -O3 -g -pedantic -Wall -Wno-unused-dummy-argument -cpp -march=native -fopenmp  CMakeFiles/cmTC_82aa8.dir/testFortranCompiler.f.o  -o cmTC_82aa8  /usr/lib/x86_64-linux-gnu/libf77blas.so /usr/lib/x86_64-linux-gnu/libatlas.so 
/usr/bin/ld: CMakeFiles/cmTC_82aa8.dir/testFortranCompiler.f.o: in function `main':
/home/mhgk4/SCONE/Build/CMakeFiles/CMakeTmp/testFortranCompiler.f:4: undefined reference to `cheev_'
collect2: error: ld returned 1 exit status
make[1]: *** [CMakeFiles/cmTC_82aa8.dir/build.make:89: cmTC_82aa8] Error 1
make[1]: Leaving directory '/home/mhgk4/SCONE/Build/CMakeFiles/CMakeTmp'
make: *** [Makefile:121: cmTC_82aa8/fast] Error 2



